<?xml version="1.0" encoding="UTF-8"?>
<!-- Generated by org.testng.reporters.JUnitReportReporter -->
<testsuite skipped="0" hostname="LAPTOP-F1SH0AT3" name="com.crm.vtiger.CreateContactTest" tests="2" failures="0" timestamp="2022-03-23T14:50:55 IST" time="0.003" errors="0">
  <testcase name="createContact" time="0.003" classname="com.crm.vtiger.CreateContactTest"/>
  <system-out/>
  <testcase name="createContact2" time="0.000" classname="com.crm.vtiger.CreateContactTest"/>
  <system-out/>
</testsuite> <!-- com.crm.vtiger.CreateContactTest -->
