<?xml version="1.0" encoding="UTF-8"?>
<!-- Generated by org.testng.reporters.JUnitReportReporter -->
<testsuite skipped="0" hostname="LAPTOP-F1SH0AT3" name="com.crm.vtiger.CreateOrgTest" tests="1" failures="0" timestamp="2022-03-23T14:50:55 IST" time="0.000" errors="0">
  <testcase name="createOrg" time="0.000" classname="com.crm.vtiger.CreateOrgTest"/>
  <system-out/>
</testsuite> <!-- com.crm.vtiger.CreateOrgTest -->
